The system is: Darwin - 18.5.0 - x86_64
Compiling the C compiler identification source file "CMakeCCompilerId.c" succeeded.
Compiler: /usr/bin/clang 
Build flags: 
Id flags:  

The output was:
0


Compilation of the C compiler identification source "CMakeCCompilerId.c" produced "a.out"

The C compiler identification is AppleClang, found in "/Users/wangyizhuo/文稿/bishe/ICP/build/CMakeFiles/3.13.4/CompilerIdC/a.out"

Compiling the CXX compiler identification source file "CMakeCXXCompilerId.cpp" succeeded.
Compiler: /usr/bin/clang++ 
Build flags: 
Id flags:  

The output was:
0


Compilation of the CXX compiler identification source "CMakeCXXCompilerId.cpp" produced "a.out"

The CXX compiler identification is AppleClang, found in "/Users/wangyizhuo/文稿/bishe/ICP/build/CMakeFiles/3.13.4/CompilerIdCXX/a.out"

Determining if the C compiler works passed with the following output:
Change Dir: /Users/wangyizhuo/文稿/bishe/ICP/build/CMakeFiles/CMakeTmp

Run Build Command:"/usr/bin/make" "cmTC_40577/fast"
/Library/Developer/CommandLineTools/usr/bin/make -f CMakeFiles/cmTC_40577.dir/build.make CMakeFiles/cmTC_40577.dir/build
Building C object CMakeFiles/cmTC_40577.dir/testCCompiler.c.o
/usr/bin/clang   -isysroot /Library/Developer/CommandLineTools/SDKs/MacOSX10.14.sdk   -o CMakeFiles/cmTC_40577.dir/testCCompiler.c.o   -c /Users/wangyizhuo/文稿/bishe/ICP/build/CMakeFiles/CMakeTmp/testCCompiler.c
Linking C executable cmTC_40577
/usr/local/Cellar/cmake/3.13.4/bin/cmake -E cmake_link_script CMakeFiles/cmTC_40577.dir/link.txt --verbose=1
/usr/bin/clang   -isysroot /Library/Developer/CommandLineTools/SDKs/MacOSX10.14.sdk -Wl,-search_paths_first -Wl,-headerpad_max_install_names   CMakeFiles/cmTC_40577.dir/testCCompiler.c.o  -o cmTC_40577 


Detecting C compiler ABI info compiled with the following output:
Change Dir: /Users/wangyizhuo/文稿/bishe/ICP/build/CMakeFiles/CMakeTmp

Run Build Command:"/usr/bin/make" "cmTC_3b498/fast"
/Library/Developer/CommandLineTools/usr/bin/make -f CMakeFiles/cmTC_3b498.dir/build.make CMakeFiles/cmTC_3b498.dir/build
Building C object CMakeFiles/cmTC_3b498.dir/CMakeCCompilerABI.c.o
/usr/bin/clang   -isysroot /Library/Developer/CommandLineTools/SDKs/MacOSX10.14.sdk   -o CMakeFiles/cmTC_3b498.dir/CMakeCCompilerABI.c.o   -c /usr/local/Cellar/cmake/3.13.4/share/cmake/Modules/CMakeCCompilerABI.c
Linking C executable cmTC_3b498
/usr/local/Cellar/cmake/3.13.4/bin/cmake -E cmake_link_script CMakeFiles/cmTC_3b498.dir/link.txt --verbose=1
/usr/bin/clang   -isysroot /Library/Developer/CommandLineTools/SDKs/MacOSX10.14.sdk -Wl,-search_paths_first -Wl,-headerpad_max_install_names  -v -Wl,-v CMakeFiles/cmTC_3b498.dir/CMakeCCompilerABI.c.o  -o cmTC_3b498 
Apple LLVM version 10.0.1 (clang-1001.0.46.3)
Target: x86_64-apple-darwin18.5.0
Thread model: posix
InstalledDir: /Library/Developer/CommandLineTools/usr/bin
 "/Library/Developer/CommandLineTools/usr/bin/ld" -demangle -lto_library /Library/Developer/CommandLineTools/usr/lib/libLTO.dylib -dynamic -arch x86_64 -macosx_version_min 10.14.0 -syslibroot /Library/Developer/CommandLineTools/SDKs/MacOSX10.14.sdk -o cmTC_3b498 -search_paths_first -headerpad_max_install_names -v CMakeFiles/cmTC_3b498.dir/CMakeCCompilerABI.c.o -lSystem /Library/Developer/CommandLineTools/usr/lib/clang/10.0.1/lib/darwin/libclang_rt.osx.a
@(#)PROGRAM:ld  PROJECT:ld64-450.3
BUILD 18:01:43 Mar 13 2019
configured to support archs: armv6 armv7 armv7s arm64 arm64e arm64_32 i386 x86_64 x86_64h armv6m armv7k armv7m armv7em
Library search paths:
	/Library/Developer/CommandLineTools/SDKs/MacOSX10.14.sdk/usr/lib
Framework search paths:
	/Library/Developer/CommandLineTools/SDKs/MacOSX10.14.sdk/System/Library/Frameworks/


Parsed C implicit link information from above output:
  link line regex: [^( *|.*[/\])(ld|CMAKE_LINK_STARTFILE-NOTFOUND|([^/\]+-)?ld|collect2)[^/\]*( |$)]
  ignore line: [Change Dir: /Users/wangyizhuo/文稿/bishe/ICP/build/CMakeFiles/CMakeTmp]
  ignore line: []
  ignore line: [Run Build Command:"/usr/bin/make" "cmTC_3b498/fast"]
  ignore line: [/Library/Developer/CommandLineTools/usr/bin/make -f CMakeFiles/cmTC_3b498.dir/build.make CMakeFiles/cmTC_3b498.dir/build]
  ignore line: [Building C object CMakeFiles/cmTC_3b498.dir/CMakeCCompilerABI.c.o]
  ignore line: [/usr/bin/clang   -isysroot /Library/Developer/CommandLineTools/SDKs/MacOSX10.14.sdk   -o CMakeFiles/cmTC_3b498.dir/CMakeCCompilerABI.c.o   -c /usr/local/Cellar/cmake/3.13.4/share/cmake/Modules/CMakeCCompilerABI.c]
  ignore line: [Linking C executable cmTC_3b498]
  ignore line: [/usr/local/Cellar/cmake/3.13.4/bin/cmake -E cmake_link_script CMakeFiles/cmTC_3b498.dir/link.txt --verbose=1]
  ignore line: [/usr/bin/clang   -isysroot /Library/Developer/CommandLineTools/SDKs/MacOSX10.14.sdk -Wl,-search_paths_first -Wl,-headerpad_max_install_names  -v -Wl,-v CMakeFiles/cmTC_3b498.dir/CMakeCCompilerABI.c.o  -o cmTC_3b498 ]
  ignore line: [Apple LLVM version 10.0.1 (clang-1001.0.46.3)]
  ignore line: [Target: x86_64-apple-darwin18.5.0]
  ignore line: [Thread model: posix]
  ignore line: [InstalledDir: /Library/Developer/CommandLineTools/usr/bin]
  link line: [ "/Library/Developer/CommandLineTools/usr/bin/ld" -demangle -lto_library /Library/Developer/CommandLineTools/usr/lib/libLTO.dylib -dynamic -arch x86_64 -macosx_version_min 10.14.0 -syslibroot /Library/Developer/CommandLineTools/SDKs/MacOSX10.14.sdk -o cmTC_3b498 -search_paths_first -headerpad_max_install_names -v CMakeFiles/cmTC_3b498.dir/CMakeCCompilerABI.c.o -lSystem /Library/Developer/CommandLineTools/usr/lib/clang/10.0.1/lib/darwin/libclang_rt.osx.a]
    arg [/Library/Developer/CommandLineTools/usr/bin/ld] ==> ignore
    arg [-demangle] ==> ignore
    arg [-lto_library] ==> ignore, skip following value
    arg [/Library/Developer/CommandLineTools/usr/lib/libLTO.dylib] ==> skip value of -lto_library
    arg [-dynamic] ==> ignore
    arg [-arch] ==> ignore
    arg [x86_64] ==> ignore
    arg [-macosx_version_min] ==> ignore
    arg [10.14.0] ==> ignore
    arg [-syslibroot] ==> ignore
    arg [/Library/Developer/CommandLineTools/SDKs/MacOSX10.14.sdk] ==> ignore
    arg [-o] ==> ignore
    arg [cmTC_3b498] ==> ignore
    arg [-search_paths_first] ==> ignore
    arg [-headerpad_max_install_names] ==> ignore
    arg [-v] ==> ignore
    arg [CMakeFiles/cmTC_3b498.dir/CMakeCCompilerABI.c.o] ==> ignore
    arg [-lSystem] ==> lib [System]
    arg [/Library/Developer/CommandLineTools/usr/lib/clang/10.0.1/lib/darwin/libclang_rt.osx.a] ==> lib [/Library/Developer/CommandLineTools/usr/lib/clang/10.0.1/lib/darwin/libclang_rt.osx.a]
  Library search paths: [;/Library/Developer/CommandLineTools/SDKs/MacOSX10.14.sdk/usr/lib]
  Framework search paths: [;/Library/Developer/CommandLineTools/SDKs/MacOSX10.14.sdk/System/Library/Frameworks/]
  remove lib [System]
  remove lib [/Library/Developer/CommandLineTools/usr/lib/clang/10.0.1/lib/darwin/libclang_rt.osx.a]
  collapse library dir [/Library/Developer/CommandLineTools/SDKs/MacOSX10.14.sdk/usr/lib] ==> [/Library/Developer/CommandLineTools/SDKs/MacOSX10.14.sdk/usr/lib]
  collapse framework dir [/Library/Developer/CommandLineTools/SDKs/MacOSX10.14.sdk/System/Library/Frameworks/] ==> [/Library/Developer/CommandLineTools/SDKs/MacOSX10.14.sdk/System/Library/Frameworks]
  implicit libs: []
  implicit dirs: [/Library/Developer/CommandLineTools/SDKs/MacOSX10.14.sdk/usr/lib]
  implicit fwks: [/Library/Developer/CommandLineTools/SDKs/MacOSX10.14.sdk/System/Library/Frameworks]




Detecting C [-std=c11] compiler features compiled with the following output:
Change Dir: /Users/wangyizhuo/文稿/bishe/ICP/build/CMakeFiles/CMakeTmp

Run Build Command:"/usr/bin/make" "cmTC_ac5be/fast"
/Library/Developer/CommandLineTools/usr/bin/make -f CMakeFiles/cmTC_ac5be.dir/build.make CMakeFiles/cmTC_ac5be.dir/build
Building C object CMakeFiles/cmTC_ac5be.dir/feature_tests.c.o
/usr/bin/clang   -isysroot /Library/Developer/CommandLineTools/SDKs/MacOSX10.14.sdk   -std=c11 -o CMakeFiles/cmTC_ac5be.dir/feature_tests.c.o   -c /Users/wangyizhuo/文稿/bishe/ICP/build/CMakeFiles/feature_tests.c
Linking C executable cmTC_ac5be
/usr/local/Cellar/cmake/3.13.4/bin/cmake -E cmake_link_script CMakeFiles/cmTC_ac5be.dir/link.txt --verbose=1
/usr/bin/clang   -isysroot /Library/Developer/CommandLineTools/SDKs/MacOSX10.14.sdk -Wl,-search_paths_first -Wl,-headerpad_max_install_names   CMakeFiles/cmTC_ac5be.dir/feature_tests.c.o  -o cmTC_ac5be 


    Feature record: C_FEATURE:1c_function_prototypes
    Feature record: C_FEATURE:1c_restrict
    Feature record: C_FEATURE:1c_static_assert
    Feature record: C_FEATURE:1c_variadic_macros


Detecting C [-std=c99] compiler features compiled with the following output:
Change Dir: /Users/wangyizhuo/文稿/bishe/ICP/build/CMakeFiles/CMakeTmp

Run Build Command:"/usr/bin/make" "cmTC_7855c/fast"
/Library/Developer/CommandLineTools/usr/bin/make -f CMakeFiles/cmTC_7855c.dir/build.make CMakeFiles/cmTC_7855c.dir/build
Building C object CMakeFiles/cmTC_7855c.dir/feature_tests.c.o
/usr/bin/clang   -isysroot /Library/Developer/CommandLineTools/SDKs/MacOSX10.14.sdk   -std=c99 -o CMakeFiles/cmTC_7855c.dir/feature_tests.c.o   -c /Users/wangyizhuo/文稿/bishe/ICP/build/CMakeFiles/feature_tests.c
Linking C executable cmTC_7855c
/usr/local/Cellar/cmake/3.13.4/bin/cmake -E cmake_link_script CMakeFiles/cmTC_7855c.dir/link.txt --verbose=1
/usr/bin/clang   -isysroot /Library/Developer/CommandLineTools/SDKs/MacOSX10.14.sdk -Wl,-search_paths_first -Wl,-headerpad_max_install_names   CMakeFiles/cmTC_7855c.dir/feature_tests.c.o  -o cmTC_7855c 


    Feature record: C_FEATURE:1c_function_prototypes
    Feature record: C_FEATURE:1c_restrict
    Feature record: C_FEATURE:0c_static_assert
    Feature record: C_FEATURE:1c_variadic_macros


Detecting C [-std=c90] compiler features compiled with the following output:
Change Dir: /Users/wangyizhuo/文稿/bishe/ICP/build/CMakeFiles/CMakeTmp

Run Build Command:"/usr/bin/make" "cmTC_8a98d/fast"
/Library/Developer/CommandLineTools/usr/bin/make -f CMakeFiles/cmTC_8a98d.dir/build.make CMakeFiles/cmTC_8a98d.dir/build
Building C object CMakeFiles/cmTC_8a98d.dir/feature_tests.c.o
/usr/bin/clang   -isysroot /Library/Developer/CommandLineTools/SDKs/MacOSX10.14.sdk   -std=c90 -o CMakeFiles/cmTC_8a98d.dir/feature_tests.c.o   -c /Users/wangyizhuo/文稿/bishe/ICP/build/CMakeFiles/feature_tests.c
Linking C executable cmTC_8a98d
/usr/local/Cellar/cmake/3.13.4/bin/cmake -E cmake_link_script CMakeFiles/cmTC_8a98d.dir/link.txt --verbose=1
/usr/bin/clang   -isysroot /Library/Developer/CommandLineTools/SDKs/MacOSX10.14.sdk -Wl,-search_paths_first -Wl,-headerpad_max_install_names   CMakeFiles/cmTC_8a98d.dir/feature_tests.c.o  -o cmTC_8a98d 


    Feature record: C_FEATURE:1c_function_prototypes
    Feature record: C_FEATURE:0c_restrict
    Feature record: C_FEATURE:0c_static_assert
    Feature record: C_FEATURE:0c_variadic_macros
Determining if the CXX compiler works passed with the following output:
Change Dir: /Users/wangyizhuo/文稿/bishe/ICP/build/CMakeFiles/CMakeTmp

Run Build Command:"/usr/bin/make" "cmTC_54d49/fast"
/Library/Developer/CommandLineTools/usr/bin/make -f CMakeFiles/cmTC_54d49.dir/build.make CMakeFiles/cmTC_54d49.dir/build
Building CXX object CMakeFiles/cmTC_54d49.dir/testCXXCompiler.cxx.o
/usr/bin/clang++    -isysroot /Library/Developer/CommandLineTools/SDKs/MacOSX10.14.sdk   -o CMakeFiles/cmTC_54d49.dir/testCXXCompiler.cxx.o -c /Users/wangyizhuo/文稿/bishe/ICP/build/CMakeFiles/CMakeTmp/testCXXCompiler.cxx
Linking CXX executable cmTC_54d49
/usr/local/Cellar/cmake/3.13.4/bin/cmake -E cmake_link_script CMakeFiles/cmTC_54d49.dir/link.txt --verbose=1
/usr/bin/clang++    -isysroot /Library/Developer/CommandLineTools/SDKs/MacOSX10.14.sdk -Wl,-search_paths_first -Wl,-headerpad_max_install_names   CMakeFiles/cmTC_54d49.dir/testCXXCompiler.cxx.o  -o cmTC_54d49 


Detecting CXX compiler ABI info compiled with the following output:
Change Dir: /Users/wangyizhuo/文稿/bishe/ICP/build/CMakeFiles/CMakeTmp

Run Build Command:"/usr/bin/make" "cmTC_ace85/fast"
/Library/Developer/CommandLineTools/usr/bin/make -f CMakeFiles/cmTC_ace85.dir/build.make CMakeFiles/cmTC_ace85.dir/build
Building CXX object CMakeFiles/cmTC_ace85.dir/CMakeCXXCompilerABI.cpp.o
/usr/bin/clang++    -isysroot /Library/Developer/CommandLineTools/SDKs/MacOSX10.14.sdk   -o CMakeFiles/cmTC_ace85.dir/CMakeCXXCompilerABI.cpp.o -c /usr/local/Cellar/cmake/3.13.4/share/cmake/Modules/CMakeCXXCompilerABI.cpp
Linking CXX executable cmTC_ace85
/usr/local/Cellar/cmake/3.13.4/bin/cmake -E cmake_link_script CMakeFiles/cmTC_ace85.dir/link.txt --verbose=1
/usr/bin/clang++    -isysroot /Library/Developer/CommandLineTools/SDKs/MacOSX10.14.sdk -Wl,-search_paths_first -Wl,-headerpad_max_install_names  -v -Wl,-v CMakeFiles/cmTC_ace85.dir/CMakeCXXCompilerABI.cpp.o  -o cmTC_ace85 
Apple LLVM version 10.0.1 (clang-1001.0.46.3)
Target: x86_64-apple-darwin18.5.0
Thread model: posix
InstalledDir: /Library/Developer/CommandLineTools/usr/bin
 "/Library/Developer/CommandLineTools/usr/bin/ld" -demangle -lto_library /Library/Developer/CommandLineTools/usr/lib/libLTO.dylib -dynamic -arch x86_64 -macosx_version_min 10.14.0 -syslibroot /Library/Developer/CommandLineTools/SDKs/MacOSX10.14.sdk -o cmTC_ace85 -search_paths_first -headerpad_max_install_names -v CMakeFiles/cmTC_ace85.dir/CMakeCXXCompilerABI.cpp.o -lc++ -lSystem /Library/Developer/CommandLineTools/usr/lib/clang/10.0.1/lib/darwin/libclang_rt.osx.a
@(#)PROGRAM:ld  PROJECT:ld64-450.3
BUILD 18:01:43 Mar 13 2019
configured to support archs: armv6 armv7 armv7s arm64 arm64e arm64_32 i386 x86_64 x86_64h armv6m armv7k armv7m armv7em
Library search paths:
	/Library/Developer/CommandLineTools/SDKs/MacOSX10.14.sdk/usr/lib
Framework search paths:
	/Library/Developer/CommandLineTools/SDKs/MacOSX10.14.sdk/System/Library/Frameworks/


Parsed CXX implicit link information from above output:
  link line regex: [^( *|.*[/\])(ld|CMAKE_LINK_STARTFILE-NOTFOUND|([^/\]+-)?ld|collect2)[^/\]*( |$)]
  ignore line: [Change Dir: /Users/wangyizhuo/文稿/bishe/ICP/build/CMakeFiles/CMakeTmp]
  ignore line: []
  ignore line: [Run Build Command:"/usr/bin/make" "cmTC_ace85/fast"]
  ignore line: [/Library/Developer/CommandLineTools/usr/bin/make -f CMakeFiles/cmTC_ace85.dir/build.make CMakeFiles/cmTC_ace85.dir/build]
  ignore line: [Building CXX object CMakeFiles/cmTC_ace85.dir/CMakeCXXCompilerABI.cpp.o]
  ignore line: [/usr/bin/clang++    -isysroot /Library/Developer/CommandLineTools/SDKs/MacOSX10.14.sdk   -o CMakeFiles/cmTC_ace85.dir/CMakeCXXCompilerABI.cpp.o -c /usr/local/Cellar/cmake/3.13.4/share/cmake/Modules/CMakeCXXCompilerABI.cpp]
  ignore line: [Linking CXX executable cmTC_ace85]
  ignore line: [/usr/local/Cellar/cmake/3.13.4/bin/cmake -E cmake_link_script CMakeFiles/cmTC_ace85.dir/link.txt --verbose=1]
  ignore line: [/usr/bin/clang++    -isysroot /Library/Developer/CommandLineTools/SDKs/MacOSX10.14.sdk -Wl,-search_paths_first -Wl,-headerpad_max_install_names  -v -Wl,-v CMakeFiles/cmTC_ace85.dir/CMakeCXXCompilerABI.cpp.o  -o cmTC_ace85 ]
  ignore line: [Apple LLVM version 10.0.1 (clang-1001.0.46.3)]
  ignore line: [Target: x86_64-apple-darwin18.5.0]
  ignore line: [Thread model: posix]
  ignore line: [InstalledDir: /Library/Developer/CommandLineTools/usr/bin]
  link line: [ "/Library/Developer/CommandLineTools/usr/bin/ld" -demangle -lto_library /Library/Developer/CommandLineTools/usr/lib/libLTO.dylib -dynamic -arch x86_64 -macosx_version_min 10.14.0 -syslibroot /Library/Developer/CommandLineTools/SDKs/MacOSX10.14.sdk -o cmTC_ace85 -search_paths_first -headerpad_max_install_names -v CMakeFiles/cmTC_ace85.dir/CMakeCXXCompilerABI.cpp.o -lc++ -lSystem /Library/Developer/CommandLineTools/usr/lib/clang/10.0.1/lib/darwin/libclang_rt.osx.a]
    arg [/Library/Developer/CommandLineTools/usr/bin/ld] ==> ignore
    arg [-demangle] ==> ignore
    arg [-lto_library] ==> ignore, skip following value
    arg [/Library/Developer/CommandLineTools/usr/lib/libLTO.dylib] ==> skip value of -lto_library
    arg [-dynamic] ==> ignore
    arg [-arch] ==> ignore
    arg [x86_64] ==> ignore
    arg [-macosx_version_min] ==> ignore
    arg [10.14.0] ==> ignore
    arg [-syslibroot] ==> ignore
    arg [/Library/Developer/CommandLineTools/SDKs/MacOSX10.14.sdk] ==> ignore
    arg [-o] ==> ignore
    arg [cmTC_ace85] ==> ignore
    arg [-search_paths_first] ==> ignore
    arg [-headerpad_max_install_names] ==> ignore
    arg [-v] ==> ignore
    arg [CMakeFiles/cmTC_ace85.dir/CMakeCXXCompilerABI.cpp.o] ==> ignore
    arg [-lc++] ==> lib [c++]
    arg [-lSystem] ==> lib [System]
    arg [/Library/Developer/CommandLineTools/usr/lib/clang/10.0.1/lib/darwin/libclang_rt.osx.a] ==> lib [/Library/Developer/CommandLineTools/usr/lib/clang/10.0.1/lib/darwin/libclang_rt.osx.a]
  Library search paths: [;/Library/Developer/CommandLineTools/SDKs/MacOSX10.14.sdk/usr/lib]
  Framework search paths: [;/Library/Developer/CommandLineTools/SDKs/MacOSX10.14.sdk/System/Library/Frameworks/]
  remove lib [System]
  remove lib [/Library/Developer/CommandLineTools/usr/lib/clang/10.0.1/lib/darwin/libclang_rt.osx.a]
  collapse library dir [/Library/Developer/CommandLineTools/SDKs/MacOSX10.14.sdk/usr/lib] ==> [/Library/Developer/CommandLineTools/SDKs/MacOSX10.14.sdk/usr/lib]
  collapse framework dir [/Library/Developer/CommandLineTools/SDKs/MacOSX10.14.sdk/System/Library/Frameworks/] ==> [/Library/Developer/CommandLineTools/SDKs/MacOSX10.14.sdk/System/Library/Frameworks]
  implicit libs: [c++]
  implicit dirs: [/Library/Developer/CommandLineTools/SDKs/MacOSX10.14.sdk/usr/lib]
  implicit fwks: [/Library/Developer/CommandLineTools/SDKs/MacOSX10.14.sdk/System/Library/Frameworks]




Detecting CXX [-std=c++1z] compiler features compiled with the following output:
Change Dir: /Users/wangyizhuo/文稿/bishe/ICP/build/CMakeFiles/CMakeTmp

Run Build Command:"/usr/bin/make" "cmTC_73bea/fast"
/Library/Developer/CommandLineTools/usr/bin/make -f CMakeFiles/cmTC_73bea.dir/build.make CMakeFiles/cmTC_73bea.dir/build
Building CXX object CMakeFiles/cmTC_73bea.dir/feature_tests.cxx.o
/usr/bin/clang++    -isysroot /Library/Developer/CommandLineTools/SDKs/MacOSX10.14.sdk   -std=c++1z -o CMakeFiles/cmTC_73bea.dir/feature_tests.cxx.o -c /Users/wangyizhuo/文稿/bishe/ICP/build/CMakeFiles/feature_tests.cxx
Linking CXX executable cmTC_73bea
/usr/local/Cellar/cmake/3.13.4/bin/cmake -E cmake_link_script CMakeFiles/cmTC_73bea.dir/link.txt --verbose=1
/usr/bin/clang++    -isysroot /Library/Developer/CommandLineTools/SDKs/MacOSX10.14.sdk -Wl,-search_paths_first -Wl,-headerpad_max_install_names   CMakeFiles/cmTC_73bea.dir/feature_tests.cxx.o  -o cmTC_73bea 


    Feature record: CXX_FEATURE:1cxx_aggregate_default_initializers
    Feature record: CXX_FEATURE:1cxx_alias_templates
    Feature record: CXX_FEATURE:1cxx_alignas
    Feature record: CXX_FEATURE:1cxx_alignof
    Feature record: CXX_FEATURE:1cxx_attributes
    Feature record: CXX_FEATURE:1cxx_attribute_deprecated
    Feature record: CXX_FEATURE:1cxx_auto_type
    Feature record: CXX_FEATURE:1cxx_binary_literals
    Feature record: CXX_FEATURE:1cxx_constexpr
    Feature record: CXX_FEATURE:1cxx_contextual_conversions
    Feature record: CXX_FEATURE:1cxx_decltype
    Feature record: CXX_FEATURE:1cxx_decltype_auto
    Feature record: CXX_FEATURE:1cxx_decltype_incomplete_return_types
    Feature record: CXX_FEATURE:1cxx_default_function_template_args
    Feature record: CXX_FEATURE:1cxx_defaulted_functions
    Feature record: CXX_FEATURE:1cxx_defaulted_move_initializers
    Feature record: CXX_FEATURE:1cxx_delegating_constructors
    Feature record: CXX_FEATURE:1cxx_deleted_functions
    Feature record: CXX_FEATURE:1cxx_digit_separators
    Feature record: CXX_FEATURE:1cxx_enum_forward_declarations
    Feature record: CXX_FEATURE:1cxx_explicit_conversions
    Feature record: CXX_FEATURE:1cxx_extended_friend_declarations
    Feature record: CXX_FEATURE:1cxx_extern_templates
    Feature record: CXX_FEATURE:1cxx_final
    Feature record: CXX_FEATURE:1cxx_func_identifier
    Feature record: CXX_FEATURE:1cxx_generalized_initializers
    Feature record: CXX_FEATURE:1cxx_generic_lambdas
    Feature record: CXX_FEATURE:1cxx_inheriting_constructors
    Feature record: CXX_FEATURE:1cxx_inline_namespaces
    Feature record: CXX_FEATURE:1cxx_lambdas
    Feature record: CXX_FEATURE:1cxx_lambda_init_captures
    Feature record: CXX_FEATURE:1cxx_local_type_template_args
    Feature record: CXX_FEATURE:1cxx_long_long_type
    Feature record: CXX_FEATURE:1cxx_noexcept
    Feature record: CXX_FEATURE:1cxx_nonstatic_member_init
    Feature record: CXX_FEATURE:1cxx_nullptr
    Feature record: CXX_FEATURE:1cxx_override
    Feature record: CXX_FEATURE:1cxx_range_for
    Feature record: CXX_FEATURE:1cxx_raw_string_literals
    Feature record: CXX_FEATURE:1cxx_reference_qualified_functions
    Feature record: CXX_FEATURE:1cxx_relaxed_constexpr
    Feature record: CXX_FEATURE:1cxx_return_type_deduction
    Feature record: CXX_FEATURE:1cxx_right_angle_brackets
    Feature record: CXX_FEATURE:1cxx_rvalue_references
    Feature record: CXX_FEATURE:1cxx_sizeof_member
    Feature record: CXX_FEATURE:1cxx_static_assert
    Feature record: CXX_FEATURE:1cxx_strong_enums
    Feature record: CXX_FEATURE:1cxx_template_template_parameters
    Feature record: CXX_FEATURE:1cxx_thread_local
    Feature record: CXX_FEATURE:1cxx_trailing_return_types
    Feature record: CXX_FEATURE:1cxx_unicode_literals
    Feature record: CXX_FEATURE:1cxx_uniform_initialization
    Feature record: CXX_FEATURE:1cxx_unrestricted_unions
    Feature record: CXX_FEATURE:1cxx_user_literals
    Feature record: CXX_FEATURE:1cxx_variable_templates
    Feature record: CXX_FEATURE:1cxx_variadic_macros
    Feature record: CXX_FEATURE:1cxx_variadic_templates


Detecting CXX [-std=c++14] compiler features compiled with the following output:
Change Dir: /Users/wangyizhuo/文稿/bishe/ICP/build/CMakeFiles/CMakeTmp

Run Build Command:"/usr/bin/make" "cmTC_7b755/fast"
/Library/Developer/CommandLineTools/usr/bin/make -f CMakeFiles/cmTC_7b755.dir/build.make CMakeFiles/cmTC_7b755.dir/build
Building CXX object CMakeFiles/cmTC_7b755.dir/feature_tests.cxx.o
/usr/bin/clang++    -isysroot /Library/Developer/CommandLineTools/SDKs/MacOSX10.14.sdk   -std=c++14 -o CMakeFiles/cmTC_7b755.dir/feature_tests.cxx.o -c /Users/wangyizhuo/文稿/bishe/ICP/build/CMakeFiles/feature_tests.cxx
Linking CXX executable cmTC_7b755
/usr/local/Cellar/cmake/3.13.4/bin/cmake -E cmake_link_script CMakeFiles/cmTC_7b755.dir/link.txt --verbose=1
/usr/bin/clang++    -isysroot /Library/Developer/CommandLineTools/SDKs/MacOSX10.14.sdk -Wl,-search_paths_first -Wl,-headerpad_max_install_names   CMakeFiles/cmTC_7b755.dir/feature_tests.cxx.o  -o cmTC_7b755 


    Feature record: CXX_FEATURE:1cxx_aggregate_default_initializers
    Feature record: CXX_FEATURE:1cxx_alias_templates
    Feature record: CXX_FEATURE:1cxx_alignas
    Feature record: CXX_FEATURE:1cxx_alignof
    Feature record: CXX_FEATURE:1cxx_attributes
    Feature record: CXX_FEATURE:1cxx_attribute_deprecated
    Feature record: CXX_FEATURE:1cxx_auto_type
    Feature record: CXX_FEATURE:1cxx_binary_literals
    Feature record: CXX_FEATURE:1cxx_constexpr
    Feature record: CXX_FEATURE:1cxx_contextual_conversions
    Feature record: CXX_FEATURE:1cxx_decltype
    Feature record: CXX_FEATURE:1cxx_decltype_auto
    Feature record: CXX_FEATURE:1cxx_decltype_incomplete_return_types
    Feature record: CXX_FEATURE:1cxx_default_function_template_args
    Feature record: CXX_FEATURE:1cxx_defaulted_functions
    Feature record: CXX_FEATURE:1cxx_defaulted_move_initializers
    Feature record: CXX_FEATURE:1cxx_delegating_constructors
    Feature record: CXX_FEATURE:1cxx_deleted_functions
    Feature record: CXX_FEATURE:1cxx_digit_separators
    Feature record: CXX_FEATURE:1cxx_enum_forward_declarations
    Feature record: CXX_FEATURE:1cxx_explicit_conversions
    Feature record: CXX_FEATURE:1cxx_extended_friend_declarations
    Feature record: CXX_FEATURE:1cxx_extern_templates
    Feature record: CXX_FEATURE:1cxx_final
    Feature record: CXX_FEATURE:1cxx_func_identifier
    Feature record: CXX_FEATURE:1cxx_generalized_initializers
    Feature record: CXX_FEATURE:1cxx_generic_lambdas
    Feature record: CXX_FEATURE:1cxx_inheriting_constructors
    Feature record: CXX_FEATURE:1cxx_inline_namespaces
    Feature record: CXX_FEATURE:1cxx_lambdas
    Feature record: CXX_FEATURE:1cxx_lambda_init_captures
    Feature record: CXX_FEATURE:1cxx_local_type_template_args
    Feature record: CXX_FEATURE:1cxx_long_long_type
    Feature record: CXX_FEATURE:1cxx_noexcept
    Feature record: CXX_FEATURE:1cxx_nonstatic_member_init
    Feature record: CXX_FEATURE:1cxx_nullptr
    Feature record: CXX_FEATURE:1cxx_override
    Feature record: CXX_FEATURE:1cxx_range_for
    Feature record: CXX_FEATURE:1cxx_raw_string_literals
    Feature record: CXX_FEATURE:1cxx_reference_qualified_functions
    Feature record: CXX_FEATURE:1cxx_relaxed_constexpr
    Feature record: CXX_FEATURE:1cxx_return_type_deduction
    Feature record: CXX_FEATURE:1cxx_right_angle_brackets
    Feature record: CXX_FEATURE:1cxx_rvalue_references
    Feature record: CXX_FEATURE:1cxx_sizeof_member
    Feature record: CXX_FEATURE:1cxx_static_assert
    Feature record: CXX_FEATURE:1cxx_strong_enums
    Feature record: CXX_FEATURE:1cxx_template_template_parameters
    Feature record: CXX_FEATURE:1cxx_thread_local
    Feature record: CXX_FEATURE:1cxx_trailing_return_types
    Feature record: CXX_FEATURE:1cxx_unicode_literals
    Feature record: CXX_FEATURE:1cxx_uniform_initialization
    Feature record: CXX_FEATURE:1cxx_unrestricted_unions
    Feature record: CXX_FEATURE:1cxx_user_literals
    Feature record: CXX_FEATURE:1cxx_variable_templates
    Feature record: CXX_FEATURE:1cxx_variadic_macros
    Feature record: CXX_FEATURE:1cxx_variadic_templates


Detecting CXX [-std=c++11] compiler features compiled with the following output:
Change Dir: /Users/wangyizhuo/文稿/bishe/ICP/build/CMakeFiles/CMakeTmp

Run Build Command:"/usr/bin/make" "cmTC_23c80/fast"
/Library/Developer/CommandLineTools/usr/bin/make -f CMakeFiles/cmTC_23c80.dir/build.make CMakeFiles/cmTC_23c80.dir/build
Building CXX object CMakeFiles/cmTC_23c80.dir/feature_tests.cxx.o
/usr/bin/clang++    -isysroot /Library/Developer/CommandLineTools/SDKs/MacOSX10.14.sdk   -std=c++11 -o CMakeFiles/cmTC_23c80.dir/feature_tests.cxx.o -c /Users/wangyizhuo/文稿/bishe/ICP/build/CMakeFiles/feature_tests.cxx
Linking CXX executable cmTC_23c80
/usr/local/Cellar/cmake/3.13.4/bin/cmake -E cmake_link_script CMakeFiles/cmTC_23c80.dir/link.txt --verbose=1
/usr/bin/clang++    -isysroot /Library/Developer/CommandLineTools/SDKs/MacOSX10.14.sdk -Wl,-search_paths_first -Wl,-headerpad_max_install_names   CMakeFiles/cmTC_23c80.dir/feature_tests.cxx.o  -o cmTC_23c80 


    Feature record: CXX_FEATURE:0cxx_aggregate_default_initializers
    Feature record: CXX_FEATURE:1cxx_alias_templates
    Feature record: CXX_FEATURE:1cxx_alignas
    Feature record: CXX_FEATURE:1cxx_alignof
    Feature record: CXX_FEATURE:1cxx_attributes
    Feature record: CXX_FEATURE:0cxx_attribute_deprecated
    Feature record: CXX_FEATURE:1cxx_auto_type
    Feature record: CXX_FEATURE:0cxx_binary_literals
    Feature record: CXX_FEATURE:1cxx_constexpr
    Feature record: CXX_FEATURE:0cxx_contextual_conversions
    Feature record: CXX_FEATURE:1cxx_decltype
    Feature record: CXX_FEATURE:0cxx_decltype_auto
    Feature record: CXX_FEATURE:1cxx_decltype_incomplete_return_types
    Feature record: CXX_FEATURE:1cxx_default_function_template_args
    Feature record: CXX_FEATURE:1cxx_defaulted_functions
    Feature record: CXX_FEATURE:1cxx_defaulted_move_initializers
    Feature record: CXX_FEATURE:1cxx_delegating_constructors
    Feature record: CXX_FEATURE:1cxx_deleted_functions
    Feature record: CXX_FEATURE:0cxx_digit_separators
    Feature record: CXX_FEATURE:1cxx_enum_forward_declarations
    Feature record: CXX_FEATURE:1cxx_explicit_conversions
    Feature record: CXX_FEATURE:1cxx_extended_friend_declarations
    Feature record: CXX_FEATURE:1cxx_extern_templates
    Feature record: CXX_FEATURE:1cxx_final
    Feature record: CXX_FEATURE:1cxx_func_identifier
    Feature record: CXX_FEATURE:1cxx_generalized_initializers
    Feature record: CXX_FEATURE:0cxx_generic_lambdas
    Feature record: CXX_FEATURE:1cxx_inheriting_constructors
    Feature record: CXX_FEATURE:1cxx_inline_namespaces
    Feature record: CXX_FEATURE:1cxx_lambdas
    Feature record: CXX_FEATURE:0cxx_lambda_init_captures
    Feature record: CXX_FEATURE:1cxx_local_type_template_args
    Feature record: CXX_FEATURE:1cxx_long_long_type
    Feature record: CXX_FEATURE:1cxx_noexcept
    Feature record: CXX_FEATURE:1cxx_nonstatic_member_init
    Feature record: CXX_FEATURE:1cxx_nullptr
    Feature record: CXX_FEATURE:1cxx_override
    Feature record: CXX_FEATURE:1cxx_range_for
    Feature record: CXX_FEATURE:1cxx_raw_string_literals
    Feature record: CXX_FEATURE:1cxx_reference_qualified_functions
    Feature record: CXX_FEATURE:0cxx_relaxed_constexpr
    Feature record: CXX_FEATURE:0cxx_return_type_deduction
    Feature record: CXX_FEATURE:1cxx_right_angle_brackets
    Feature record: CXX_FEATURE:1cxx_rvalue_references
    Feature record: CXX_FEATURE:1cxx_sizeof_member
    Feature record: CXX_FEATURE:1cxx_static_assert
    Feature record: CXX_FEATURE:1cxx_strong_enums
    Feature record: CXX_FEATURE:1cxx_template_template_parameters
    Feature record: CXX_FEATURE:1cxx_thread_local
    Feature record: CXX_FEATURE:1cxx_trailing_return_types
    Feature record: CXX_FEATURE:1cxx_unicode_literals
    Feature record: CXX_FEATURE:1cxx_uniform_initialization
    Feature record: CXX_FEATURE:1cxx_unrestricted_unions
    Feature record: CXX_FEATURE:1cxx_user_literals
    Feature record: CXX_FEATURE:0cxx_variable_templates
    Feature record: CXX_FEATURE:1cxx_variadic_macros
    Feature record: CXX_FEATURE:1cxx_variadic_templates


Detecting CXX [-std=c++98] compiler features compiled with the following output:
Change Dir: /Users/wangyizhuo/文稿/bishe/ICP/build/CMakeFiles/CMakeTmp

Run Build Command:"/usr/bin/make" "cmTC_a8aaf/fast"
/Library/Developer/CommandLineTools/usr/bin/make -f CMakeFiles/cmTC_a8aaf.dir/build.make CMakeFiles/cmTC_a8aaf.dir/build
Building CXX object CMakeFiles/cmTC_a8aaf.dir/feature_tests.cxx.o
/usr/bin/clang++    -isysroot /Library/Developer/CommandLineTools/SDKs/MacOSX10.14.sdk   -std=c++98 -o CMakeFiles/cmTC_a8aaf.dir/feature_tests.cxx.o -c /Users/wangyizhuo/文稿/bishe/ICP/build/CMakeFiles/feature_tests.cxx
Linking CXX executable cmTC_a8aaf
/usr/local/Cellar/cmake/3.13.4/bin/cmake -E cmake_link_script CMakeFiles/cmTC_a8aaf.dir/link.txt --verbose=1
/usr/bin/clang++    -isysroot /Library/Developer/CommandLineTools/SDKs/MacOSX10.14.sdk -Wl,-search_paths_first -Wl,-headerpad_max_install_names   CMakeFiles/cmTC_a8aaf.dir/feature_tests.cxx.o  -o cmTC_a8aaf 


    Feature record: CXX_FEATURE:0cxx_aggregate_default_initializers
    Feature record: CXX_FEATURE:0cxx_alias_templates
    Feature record: CXX_FEATURE:0cxx_alignas
    Feature record: CXX_FEATURE:0cxx_alignof
    Feature record: CXX_FEATURE:0cxx_attributes
    Feature record: CXX_FEATURE:0cxx_attribute_deprecated
    Feature record: CXX_FEATURE:0cxx_auto_type
    Feature record: CXX_FEATURE:0cxx_binary_literals
    Feature record: CXX_FEATURE:0cxx_constexpr
    Feature record: CXX_FEATURE:0cxx_contextual_conversions
    Feature record: CXX_FEATURE:0cxx_decltype
    Feature record: CXX_FEATURE:0cxx_decltype_auto
    Feature record: CXX_FEATURE:0cxx_decltype_incomplete_return_types
    Feature record: CXX_FEATURE:0cxx_default_function_template_args
    Feature record: CXX_FEATURE:0cxx_defaulted_functions
    Feature record: CXX_FEATURE:0cxx_defaulted_move_initializers
    Feature record: CXX_FEATURE:0cxx_delegating_constructors
    Feature record: CXX_FEATURE:0cxx_deleted_functions
    Feature record: CXX_FEATURE:0cxx_digit_separators
    Feature record: CXX_FEATURE:0cxx_enum_forward_declarations
    Feature record: CXX_FEATURE:0cxx_explicit_conversions
    Feature record: CXX_FEATURE:0cxx_extended_friend_declarations
    Feature record: CXX_FEATURE:0cxx_extern_templates
    Feature record: CXX_FEATURE:0cxx_final
    Feature record: CXX_FEATURE:0cxx_func_identifier
    Feature record: CXX_FEATURE:0cxx_generalized_initializers
    Feature record: CXX_FEATURE:0cxx_generic_lambdas
    Feature record: CXX_FEATURE:0cxx_inheriting_constructors
    Feature record: CXX_FEATURE:0cxx_inline_namespaces
    Feature record: CXX_FEATURE:0cxx_lambdas
    Feature record: CXX_FEATURE:0cxx_lambda_init_captures
    Feature record: CXX_FEATURE:0cxx_local_type_template_args
    Feature record: CXX_FEATURE:0cxx_long_long_type
    Feature record: CXX_FEATURE:0cxx_noexcept
    Feature record: CXX_FEATURE:0cxx_nonstatic_member_init
    Feature record: CXX_FEATURE:0cxx_nullptr
    Feature record: CXX_FEATURE:0cxx_override
    Feature record: CXX_FEATURE:0cxx_range_for
    Feature record: CXX_FEATURE:0cxx_raw_string_literals
    Feature record: CXX_FEATURE:0cxx_reference_qualified_functions
    Feature record: CXX_FEATURE:0cxx_relaxed_constexpr
    Feature record: CXX_FEATURE:0cxx_return_type_deduction
    Feature record: CXX_FEATURE:0cxx_right_angle_brackets
    Feature record: CXX_FEATURE:0cxx_rvalue_references
    Feature record: CXX_FEATURE:0cxx_sizeof_member
    Feature record: CXX_FEATURE:0cxx_static_assert
    Feature record: CXX_FEATURE:0cxx_strong_enums
    Feature record: CXX_FEATURE:1cxx_template_template_parameters
    Feature record: CXX_FEATURE:0cxx_thread_local
    Feature record: CXX_FEATURE:0cxx_trailing_return_types
    Feature record: CXX_FEATURE:0cxx_unicode_literals
    Feature record: CXX_FEATURE:0cxx_uniform_initialization
    Feature record: CXX_FEATURE:0cxx_unrestricted_unions
    Feature record: CXX_FEATURE:0cxx_user_literals
    Feature record: CXX_FEATURE:0cxx_variable_templates
    Feature record: CXX_FEATURE:0cxx_variadic_macros
    Feature record: CXX_FEATURE:0cxx_variadic_templates
Determining if the include file pthread.h exists passed with the following output:
Change Dir: /Users/wangyizhuo/文稿/bishe/ICP/build/CMakeFiles/CMakeTmp

Run Build Command:"/usr/bin/make" "cmTC_4b237/fast"
/Library/Developer/CommandLineTools/usr/bin/make -f CMakeFiles/cmTC_4b237.dir/build.make CMakeFiles/cmTC_4b237.dir/build
Building C object CMakeFiles/cmTC_4b237.dir/CheckIncludeFile.c.o
/usr/bin/clang   -isysroot /Library/Developer/CommandLineTools/SDKs/MacOSX10.14.sdk   -o CMakeFiles/cmTC_4b237.dir/CheckIncludeFile.c.o   -c /Users/wangyizhuo/文稿/bishe/ICP/build/CMakeFiles/CMakeTmp/CheckIncludeFile.c
Linking C executable cmTC_4b237
/usr/local/Cellar/cmake/3.13.4/bin/cmake -E cmake_link_script CMakeFiles/cmTC_4b237.dir/link.txt --verbose=1
/usr/bin/clang   -isysroot /Library/Developer/CommandLineTools/SDKs/MacOSX10.14.sdk -Wl,-search_paths_first -Wl,-headerpad_max_install_names   CMakeFiles/cmTC_4b237.dir/CheckIncludeFile.c.o  -o cmTC_4b237 


Determining if the pthread_create exist passed with the following output:
Change Dir: /Users/wangyizhuo/文稿/bishe/ICP/build/CMakeFiles/CMakeTmp

Run Build Command:"/usr/bin/make" "cmTC_06757/fast"
/Library/Developer/CommandLineTools/usr/bin/make -f CMakeFiles/cmTC_06757.dir/build.make CMakeFiles/cmTC_06757.dir/build
Building C object CMakeFiles/cmTC_06757.dir/CheckSymbolExists.c.o
/usr/bin/clang   -isysroot /Library/Developer/CommandLineTools/SDKs/MacOSX10.14.sdk   -o CMakeFiles/cmTC_06757.dir/CheckSymbolExists.c.o   -c /Users/wangyizhuo/文稿/bishe/ICP/build/CMakeFiles/CMakeTmp/CheckSymbolExists.c
Linking C executable cmTC_06757
/usr/local/Cellar/cmake/3.13.4/bin/cmake -E cmake_link_script CMakeFiles/cmTC_06757.dir/link.txt --verbose=1
/usr/bin/clang   -isysroot /Library/Developer/CommandLineTools/SDKs/MacOSX10.14.sdk -Wl,-search_paths_first -Wl,-headerpad_max_install_names   CMakeFiles/cmTC_06757.dir/CheckSymbolExists.c.o  -o cmTC_06757 

File /Users/wangyizhuo/文稿/bishe/ICP/build/CMakeFiles/CMakeTmp/CheckSymbolExists.c:
/* */
#include <pthread.h>

int main(int argc, char** argv)
{
  (void)argv;
#ifndef pthread_create
  return ((int*)(&pthread_create))[argc];
#else
  (void)argc;
  return 0;
#endif
}

